<?xml version="1.0" encoding="UTF-8"?>
<!-- Generated by org.testng.reporters.JUnitXMLReporter -->
<testsuite ignored="0" hostname="LAPTOP-1ELAPOQP" failures="1" tests="9" name="HTML default page" time="0.19" errors="0" timestamp="2022-11-21T13:54:18 IST">
  <testcase classname="SeleniumExamples.TestNG_TestGroupDependencies" name="test1" time="0.021"/>
  <testcase classname="SeleniumExamples.TestNG_TestGroupDependencies" name="test2" time="0.003"/>
  <testcase classname="SeleniumExamples.TestNG_TestGroupDependencies" name="test3" time="0.005">
    <failure type="java.lang.ArithmeticException" message="/ by zero">
      <![CDATA[java.lang.ArithmeticException: / by zero
at SeleniumExamples.TestNG_TestGroupDependencies.test3(TestNG_TestGroupDependencies.java:23)
at java.base/java.util.ArrayList.forEach(ArrayList.java:1511)
... Removed 27 stack frames]]>
    </failure>
  </testcase> <!-- test3 -->
  <testcase classname="SeleniumExamples.TestNG_TestGroupDependencies" name="test4" time="0.0">
    <skipped/>
  </testcase> <!-- test4 -->
  <testcase classname="SeleniumExamples.TestNG_TestGroupDependencies" name="test5" time="0.0">
    <skipped/>
  </testcase> <!-- test5 -->
  <testcase classname="SeleniumExamples.TestNG_TestGroupDependencies" name="test6" time="0.0">
    <skipped/>
  </testcase> <!-- test6 -->
  <testcase classname="SeleniumExamples.TestNG_TestGroupDependencies" name="test7" time="0.0">
    <skipped/>
  </testcase> <!-- test7 -->
  <testcase classname="SeleniumExamples.TestNG_TestGroupDependencies" name="test8" time="0.0">
    <skipped/>
  </testcase> <!-- test8 -->
  <testcase classname="SeleniumExamples.TestNG_TestGroupDependencies" name="test9" time="0.0">
    <skipped/>
  </testcase> <!-- test9 -->
</testsuite> <!-- HTML default page -->
